<?xml version="1.0" encoding="UTF-8"?>
<testsuite name="tartan.smarthome.resources.NightLockTest" tests="14" skipped="0" failures="0" errors="0" timestamp="2026-02-12T05:48:46" hostname="Abdulrahmans-MacBook-Air-2.local" time="0.058">
  <properties/>
  <testcase name="Night Lock: Midnight crossing — hour 7, start=22, end=6 → NOT locked" classname="tartan.smarthome.resources.NightLockTest" time="0.029"/>
  <testcase name="Night Lock: Door is locked automatically during night hours" classname="tartan.smarthome.resources.NightLockTest" time="0.003"/>
  <testcase name="Night Lock: Midnight crossing — hour 3, start=22, end=6 → locked" classname="tartan.smarthome.resources.NightLockTest" time="0.001"/>
  <testcase name="Night Lock: Unlocked door during night is re-locked" classname="tartan.smarthome.resources.NightLockTest" time="0.002"/>
  <testcase name="Night Lock: Midnight crossing — hour 23, start=22, end=6 → locked" classname="tartan.smarthome.resources.NightLockTest" time="0.001"/>
  <testcase name="Night Lock: Non-crossing range — start=8, end=18, hour=20 → NOT locked" classname="tartan.smarthome.resources.NightLockTest" time="0.002"/>
  <testcase name="Night Lock: Already locked — no duplicate log entry" classname="tartan.smarthome.resources.NightLockTest" time="0.001"/>
  <testcase name="Night Lock: During day, unlocked door stays unlocked" classname="tartan.smarthome.resources.NightLockTest" time="0.001"/>
  <testcase name="Night Lock: Non-crossing range — start=8, end=18, hour=10 → locked" classname="tartan.smarthome.resources.NightLockTest" time="0.0"/>
  <testcase name="Night Lock Integration: TartanHome fields round-trip through state conversion" classname="tartan.smarthome.resources.NightLockTest" time="0.003"/>
  <testcase name="Night Lock Integration: Evaluator output includes lock state for full pipeline" classname="tartan.smarthome.resources.NightLockTest" time="0.002"/>
  <testcase name="Night Lock: Boundary — hour == start → locked" classname="tartan.smarthome.resources.NightLockTest" time="0.001"/>
  <testcase name="Night Lock: Disabled feature does not lock door at night" classname="tartan.smarthome.resources.NightLockTest" time="0.001"/>
  <testcase name="Night Lock: Boundary — hour == end → NOT locked" classname="tartan.smarthome.resources.NightLockTest" time="0.001"/>
  <system-out><![CDATA[Evaluating new state statically
Evaluating new state statically
Evaluating new state statically
Evaluating new state statically
Evaluating new state statically
Evaluating new state statically
Evaluating new state statically
Evaluating new state statically
Evaluating new state statically
Evaluating new state statically
Evaluating new state statically
Evaluating new state statically
Evaluating new state statically
]]></system-out>
  <system-err><![CDATA[]]></system-err>
</testsuite>
