<?xml version="1.0" encoding="UTF-8"?>
<testsuite name="tartan.smarthome.resources.Rule10Test" tests="4" skipped="0" failures="0" errors="0" timestamp="2026-02-12T05:48:46" hostname="Abdulrahmans-MacBook-Air-2.local" time="0.006">
  <properties/>
  <testcase name="testHeaterActivationDisablesHumidifier()" classname="tartan.smarthome.resources.Rule10Test" time="0.002"/>
  <testcase name="testHeaterOnForcesDehumidifierOff()" classname="tartan.smarthome.resources.Rule10Test" time="0.001"/>
  <testcase name="testDehumidifierCanRunWithChiller()" classname="tartan.smarthome.resources.Rule10Test" time="0.001"/>
  <testcase name="testSwitchingToHeaterDisablesHumidifier()" classname="tartan.smarthome.resources.Rule10Test" time="0.001"/>
  <system-out><![CDATA[Evaluating new state statically
Evaluating new state statically
Evaluating new state statically
Evaluating new state statically
]]></system-out>
  <system-err><![CDATA[]]></system-err>
</testsuite>
