<?xml version="1.0" encoding="UTF-8"?>
<testsuite name="tartan.smarthome.resources.R12Test" tests="1" skipped="0" failures="0" errors="0" timestamp="2026-01-26T01:01:54" hostname="Abdulrahmans-MacBook-Air-2.local" time="0.001">
  <properties/>
  <testcase name="R12: If the house is empty, then start the away timer" classname="tartan.smarthome.resources.R12Test" time="0.001"/>
  <system-out><![CDATA[Evaluating new state statically
]]></system-out>
  <system-err><![CDATA[]]></system-err>
</testsuite>
