<?xml version="1.0" encoding="UTF-8"?>
<testsuite name="tartan.smarthome.resources.R1Test" tests="11" skipped="0" failures="0" errors="0" timestamp="2026-02-14T09:44:43" hostname="Abdulrahmans-MacBook-Air-2.local" time="0.007">
  <properties/>
  <testcase name="R1 EC3: Vacant house with light already off - stays off" classname="tartan.smarthome.resources.R1Test" time="0.001"/>
  <testcase name="R1 EC1: Vacant house rejects light-on request" classname="tartan.smarthome.resources.R1Test" time="0.0"/>
  <testcase name="R1 EC4: Occupied house, light off, alarm disabled - auto-light turns on" classname="tartan.smarthome.resources.R1Test" time="0.001"/>
  <testcase name="R1+AwayTimer Interaction: Away timer forces light off" classname="tartan.smarthome.resources.R1Test" time="0.001"/>
  <testcase name="R1+Alarm Interaction: Vacant + alarm + door open + light on - light off + break-in" classname="tartan.smarthome.resources.R1Test" time="0.0"/>
  <testcase name="R1+R12 Interaction: Vacant + light on - light off AND away timer starts" classname="tartan.smarthome.resources.R1Test" time="0.0"/>
  <testcase name="R1 EC2: Occupied house allows light to stay on" classname="tartan.smarthome.resources.R1Test" time="0.0"/>
  <testcase name="R1+R3 Interaction: Vacant + door open + light on - both rules fire" classname="tartan.smarthome.resources.R1Test" time="0.0"/>
  <testcase name="R1 BVA: Boundary - vacant (false) with light on - rejected" classname="tartan.smarthome.resources.R1Test" time="0.001"/>
  <testcase name="R1 BVA: Boundary - occupied (true) with light on - allowed" classname="tartan.smarthome.resources.R1Test" time="0.0"/>
  <testcase name="R1 WB: Occupied + light off + alarm enabled - no auto-light" classname="tartan.smarthome.resources.R1Test" time="0.001"/>
  <system-out><![CDATA[Evaluating new state statically
Evaluating new state statically
Evaluating new state statically
Evaluating new state statically
Evaluating new state statically
Evaluating new state statically
Evaluating new state statically
Evaluating new state statically
Evaluating new state statically
Evaluating new state statically
Evaluating new state statically
]]></system-out>
  <system-err><![CDATA[]]></system-err>
</testsuite>
